# JRE version: OpenJDK Runtime Environment (11.0.10) (build 11.0.10+0-b96-7249189)
# Java VM: OpenJDK 64-Bit Server VM (11.0.10+0-b96-7249189, mixed mode, tiered, compressed oops, g1 gc, windows-amd64)
Heap:
 garbage-first heap   total 336896K, used 153843K [0x0000000080000000, 0x0000000100000000)
  region size 1024K, 3 young (3072K), 3 survivors (3072K)
 Metaspace       used 110085K, capacity 112969K, committed 113228K, reserved 1146880K
  class space    used 13780K, capacity 14873K, committed 14976K, reserved 1048576K
GC Heap History (20 events):
Event: 164.840 GC heap after
{Heap after GC invocations=84 (full 0):
 garbage-first heap   total 280576K, used 152289K [0x0000000080000000, 0x0000000100000000)
  region size 1024K, 4 young (4096K), 4 survivors (4096K)
 Metaspace       used 110024K, capacity 112957K, committed 113228K, reserved 1146880K
  class space    used 13778K, capacity 14870K, committed 14976K, reserved 1048576K
}
Event: 165.300 GC heap before
{Heap before GC invocations=84 (full 0):
 garbage-first heap   total 280576K, used 233185K [0x0000000080000000, 0x0000000100000000)
  region size 1024K, 83 young (84992K), 4 survivors (4096K)
 Metaspace       used 110043K, capacity 112958K, committed 113228K, reserved 1146880K
  class space    used 13778K, capacity 14870K, committed 14976K, reserved 1048576K
}
Event: 165.315 GC heap after
{Heap after GC invocations=85 (full 0):
 garbage-first heap   total 280576K, used 152562K [0x0000000080000000, 0x0000000100000000)
  region size 1024K, 5 young (5120K), 5 survivors (5120K)
 Metaspace       used 110043K, capacity 112958K, committed 113228K, reserved 1146880K
  class space    used 13778K, capacity 14870K, committed 14976K, reserved 1048576K
}
Event: 165.825 GC heap before
{Heap before GC invocations=85 (full 0):
 garbage-first heap   total 280576K, used 234482K [0x0000000080000000, 0x0000000100000000)
  region size 1024K, 85 young (87040K), 5 survivors (5120K)
 Metaspace       used 110043K, capacity 112958K, committed 113228K, reserved 1146880K
  class space    used 13778K, capacity 14870K, committed 14976K, reserved 1048576K
}
Event: 165.837 GC heap after
{Heap after GC invocations=86 (full 0):
 garbage-first heap   total 280576K, used 153145K [0x0000000080000000, 0x0000000100000000)
  region size 1024K, 5 young (5120K), 5 survivors (5120K)
 Metaspace       used 110043K, capacity 112958K, committed 113228K, reserved 1146880K
  class space    used 13778K, capacity 14870K, committed 14976K, reserved 1048576K
}
Event: 166.395 GC heap before
{Heap before GC invocations=86 (full 0):
 garbage-first heap   total 280576K, used 236089K [0x0000000080000000, 0x0000000100000000)
  region size 1024K, 86 young (88064K), 5 survivors (5120K)
 Metaspace       used 110045K, capacity 112958K, committed 113228K, reserved 1146880K
  class space    used 13778K, capacity 14870K, committed 14976K, reserved 1048576K
}
Event: 166.413 GC heap after
{Heap after GC invocations=87 (full 0):
 garbage-first heap   total 280576K, used 155020K [0x0000000080000000, 0x0000000100000000)
  region size 1024K, 7 young (7168K), 7 survivors (7168K)
 Metaspace       used 110045K, capacity 112958K, committed 113228K, reserved 1146880K
  class space    used 13778K, capacity 14870K, committed 14976K, reserved 1048576K
}
Event: 167.083 GC heap before
{Heap before GC invocations=87 (full 0):
 garbage-first heap   total 280576K, used 237964K [0x0000000080000000, 0x0000000100000000)
  region size 1024K, 88 young (90112K), 7 survivors (7168K)
 Metaspace       used 110048K, capacity 112958K, committed 113228K, reserved 1146880K
  class space    used 13778K, capacity 14870K, committed 14976K, reserved 1048576K
}
Event: 167.096 GC heap after
{Heap after GC invocations=88 (full 0):
 garbage-first heap   total 280576K, used 152902K [0x0000000080000000, 0x0000000100000000)
  region size 1024K, 2 young (2048K), 2 survivors (2048K)
 Metaspace       used 110048K, capacity 112958K, committed 113228K, reserved 1146880K
  class space    used 13778K, capacity 14870K, committed 14976K, reserved 1048576K
}
Event: 167.777 GC heap before
{Heap before GC invocations=88 (full 0):
 garbage-first heap   total 280576K, used 237894K [0x0000000080000000, 0x0000000100000000)
  region size 1024K, 85 young (87040K), 2 survivors (2048K)
 Metaspace       used 110053K, capacity 112958K, committed 113228K, reserved 1146880K
  class space    used 13778K, capacity 14870K, committed 14976K, reserved 1048576K
}
Event: 167.785 GC heap after
{Heap after GC invocations=89 (full 0):
 garbage-first heap   total 280576K, used 153591K [0x0000000080000000, 0x0000000100000000)
  region size 1024K, 3 young (3072K), 3 survivors (3072K)
 Metaspace       used 110053K, capacity 112958K, committed 113228K, reserved 1146880K
  class space    used 13778K, capacity 14870K, committed 14976K, reserved 1048576K
}
Event: 168.257 GC heap before
{Heap before GC invocations=89 (full 0):
 garbage-first heap   total 280576K, used 239607K [0x0000000080000000, 0x0000000100000000)
  region size 1024K, 87 young (89088K), 3 survivors (3072K)
 Metaspace       used 110066K, capacity 112968K, committed 113228K, reserved 1146880K
  class space    used 13780K, capacity 14873K, committed 14976K, reserved 1048576K
}
Event: 168.269 GC heap after
{Heap after GC invocations=90 (full 0):
 garbage-first heap   total 280576K, used 154164K [0x0000000080000000, 0x0000000100000000)
  region size 1024K, 3 young (3072K), 3 survivors (3072K)
 Metaspace       used 110066K, capacity 112968K, committed 113228K, reserved 1146880K
  class space    used 13780K, capacity 14873K, committed 14976K, reserved 1048576K
}
Event: 168.763 GC heap before
{Heap before GC invocations=90 (full 0):
 garbage-first heap   total 280576K, used 241204K [0x0000000080000000, 0x0000000100000000)
  region size 1024K, 88 young (90112K), 3 survivors (3072K)
 Metaspace       used 110070K, capacity 112968K, committed 113228K, reserved 1146880K
  class space    used 13780K, capacity 14873K, committed 14976K, reserved 1048576K
}
Event: 168.775 GC heap after
{Heap after GC invocations=91 (full 0):
 garbage-first heap   total 280576K, used 153805K [0x0000000080000000, 0x0000000100000000)
  region size 1024K, 3 young (3072K), 3 survivors (3072K)
 Metaspace       used 110070K, capacity 112968K, committed 113228K, reserved 1146880K
  class space    used 13780K, capacity 14873K, committed 14976K, reserved 1048576K
}
Event: 169.439 GC heap before
{Heap before GC invocations=91 (full 0):
 garbage-first heap   total 280576K, used 241869K [0x0000000080000000, 0x0000000100000000)
  region size 1024K, 89 young (91136K), 3 survivors (3072K)
 Metaspace       used 110073K, capacity 112968K, committed 113228K, reserved 1146880K
  class space    used 13780K, capacity 14873K, committed 14976K, reserved 1048576K
}
Event: 169.450 GC heap after
{Heap after GC invocations=92 (full 0):
 garbage-first heap   total 280576K, used 154934K [0x0000000080000000, 0x0000000100000000)
  region size 1024K, 4 young (4096K), 4 survivors (4096K)
 Metaspace       used 110073K, capacity 112968K, committed 113228K, reserved 1146880K
  class space    used 13780K, capacity 14873K, committed 14976K, reserved 1048576K
}
Event: 170.310 GC heap before
{Heap before GC invocations=92 (full 0):
 garbage-first heap   total 280576K, used 242998K [0x0000000080000000, 0x0000000100000000)
  region size 1024K, 90 young (92160K), 4 survivors (4096K)
 Metaspace       used 110081K, capacity 112968K, committed 113228K, reserved 1146880K
  class space    used 13780K, capacity 14873K, committed 14976K, reserved 1048576K
}
Event: 170.319 GC heap after
{Heap after GC invocations=93 (full 0):
 garbage-first heap   total 280576K, used 153924K [0x0000000080000000, 0x0000000100000000)
  region size 1024K, 3 young (3072K), 3 survivors (3072K)
 Metaspace       used 110081K, capacity 112968K, committed 113228K, reserved 1146880K
  class space    used 13780K, capacity 14873K, committed 14976K, reserved 1048576K
}
Event: 171.083 GC heap before
{Heap before GC invocations=93 (full 0):
 garbage-first heap   total 280576K, used 243012K [0x0000000080000000, 0x0000000100000000)
  region size 1024K, 90 young (92160K), 3 survivors (3072K)
 Metaspace       used 110085K, capacity 112969K, committed 113228K, reserved 1146880K
  class space    used 13780K, capacity 14873K, committed 14976K, reserved 1048576K
}

